2022-08-24T02:39:00+00:00 CRITICAL Uncaught Error: Call to undefined method ACF_Ajax_Check_Screen::verify_request() in /Applications/MAMP/htdocs/beauty-spa-wordpress/wp-content/plugins/acf-extended/includes/field-groups/field-group-hide-on-screen.php:116
Stack trace:
#0 /Applications/MAMP/htdocs/beauty-spa-wordpress/wp-includes/class-wp-hook.php(307): acfe_field_group_hide_on_screen->ajax_check_screen('')
#1 /Applications/MAMP/htdocs/beauty-spa-wordpress/wp-includes/class-wp-hook.php(331): WP_Hook->apply_filters('', Array)
#2 /Applications/MAMP/htdocs/beauty-spa-wordpress/wp-includes/plugin.php(476): WP_Hook->do_action(Array)
#3 /Applications/MAMP/htdocs/beauty-spa-wordpress/wp-admin/admin-ajax.php(187): do_action('wp_ajax_acf/aja...')
#4 {main}
  thrown in /Applications/MAMP/htdocs/beauty-spa-wordpress/wp-content/plugins/acf-extended/includes/field-groups/field-group-hide-on-screen.php on line 116

2022-08-24T07:06:11+00:00 CRITICAL Uncaught Error: Call to undefined method ACF_Ajax_Check_Screen::verify_request() in /Applications/MAMP/htdocs/beauty-spa-wordpress/wp-content/plugins/acf-extended/includes/field-groups/field-group-hide-on-screen.php:116
Stack trace:
#0 /Applications/MAMP/htdocs/beauty-spa-wordpress/wp-includes/class-wp-hook.php(307): acfe_field_group_hide_on_screen->ajax_check_screen('')
#1 /Applications/MAMP/htdocs/beauty-spa-wordpress/wp-includes/class-wp-hook.php(331): WP_Hook->apply_filters('', Array)
#2 /Applications/MAMP/htdocs/beauty-spa-wordpress/wp-includes/plugin.php(476): WP_Hook->do_action(Array)
#3 /Applications/MAMP/htdocs/beauty-spa-wordpress/wp-admin/admin-ajax.php(187): do_action('wp_ajax_acf/aja...')
#4 {main}
  thrown in /Applications/MAMP/htdocs/beauty-spa-wordpress/wp-content/plugins/acf-extended/includes/field-groups/field-group-hide-on-screen.php on line 116

2022-08-24T07:12:08+00:00 CRITICAL Uncaught Error: Call to undefined method ACF_Ajax_Check_Screen::verify_request() in /Applications/MAMP/htdocs/beauty-spa-wordpress/wp-content/plugins/acf-extended/includes/field-groups/field-group-hide-on-screen.php:116
Stack trace:
#0 /Applications/MAMP/htdocs/beauty-spa-wordpress/wp-includes/class-wp-hook.php(307): acfe_field_group_hide_on_screen->ajax_check_screen('')
#1 /Applications/MAMP/htdocs/beauty-spa-wordpress/wp-includes/class-wp-hook.php(331): WP_Hook->apply_filters('', Array)
#2 /Applications/MAMP/htdocs/beauty-spa-wordpress/wp-includes/plugin.php(476): WP_Hook->do_action(Array)
#3 /Applications/MAMP/htdocs/beauty-spa-wordpress/wp-admin/admin-ajax.php(187): do_action('wp_ajax_acf/aja...')
#4 {main}
  thrown in /Applications/MAMP/htdocs/beauty-spa-wordpress/wp-content/plugins/acf-extended/includes/field-groups/field-group-hide-on-screen.php on line 116

2022-08-24T07:12:45+00:00 CRITICAL Uncaught Error: Call to undefined method ACF_Ajax_Check_Screen::verify_request() in /Applications/MAMP/htdocs/beauty-spa-wordpress/wp-content/plugins/acf-extended/includes/field-groups/field-group-hide-on-screen.php:116
Stack trace:
#0 /Applications/MAMP/htdocs/beauty-spa-wordpress/wp-includes/class-wp-hook.php(307): acfe_field_group_hide_on_screen->ajax_check_screen('')
#1 /Applications/MAMP/htdocs/beauty-spa-wordpress/wp-includes/class-wp-hook.php(331): WP_Hook->apply_filters('', Array)
#2 /Applications/MAMP/htdocs/beauty-spa-wordpress/wp-includes/plugin.php(476): WP_Hook->do_action(Array)
#3 /Applications/MAMP/htdocs/beauty-spa-wordpress/wp-admin/admin-ajax.php(187): do_action('wp_ajax_acf/aja...')
#4 {main}
  thrown in /Applications/MAMP/htdocs/beauty-spa-wordpress/wp-content/plugins/acf-extended/includes/field-groups/field-group-hide-on-screen.php on line 116

2022-08-24T08:54:43+00:00 CRITICAL Uncaught Error: Call to undefined method ACF_Ajax_Check_Screen::verify_request() in /Applications/MAMP/htdocs/beauty-spa-wordpress/wp-content/plugins/acf-extended/includes/field-groups/field-group-hide-on-screen.php:116
Stack trace:
#0 /Applications/MAMP/htdocs/beauty-spa-wordpress/wp-includes/class-wp-hook.php(307): acfe_field_group_hide_on_screen->ajax_check_screen('')
#1 /Applications/MAMP/htdocs/beauty-spa-wordpress/wp-includes/class-wp-hook.php(331): WP_Hook->apply_filters('', Array)
#2 /Applications/MAMP/htdocs/beauty-spa-wordpress/wp-includes/plugin.php(476): WP_Hook->do_action(Array)
#3 /Applications/MAMP/htdocs/beauty-spa-wordpress/wp-admin/admin-ajax.php(187): do_action('wp_ajax_acf/aja...')
#4 {main}
  thrown in /Applications/MAMP/htdocs/beauty-spa-wordpress/wp-content/plugins/acf-extended/includes/field-groups/field-group-hide-on-screen.php on line 116

2022-08-24T08:56:09+00:00 CRITICAL Uncaught Error: Call to undefined method ACF_Ajax_Check_Screen::verify_request() in /Applications/MAMP/htdocs/beauty-spa-wordpress/wp-content/plugins/acf-extended/includes/field-groups/field-group-hide-on-screen.php:116
Stack trace:
#0 /Applications/MAMP/htdocs/beauty-spa-wordpress/wp-includes/class-wp-hook.php(307): acfe_field_group_hide_on_screen->ajax_check_screen('')
#1 /Applications/MAMP/htdocs/beauty-spa-wordpress/wp-includes/class-wp-hook.php(331): WP_Hook->apply_filters('', Array)
#2 /Applications/MAMP/htdocs/beauty-spa-wordpress/wp-includes/plugin.php(476): WP_Hook->do_action(Array)
#3 /Applications/MAMP/htdocs/beauty-spa-wordpress/wp-admin/admin-ajax.php(187): do_action('wp_ajax_acf/aja...')
#4 {main}
  thrown in /Applications/MAMP/htdocs/beauty-spa-wordpress/wp-content/plugins/acf-extended/includes/field-groups/field-group-hide-on-screen.php on line 116

