2022-08-24T08:47:50+00:00 ERROR Incorrect response from Mailchimp API with: stdClass Object
(
    [code] => mailchimp-error
    [message] => A MailChimp error has occurred.
    [data] => stdClass Object
        (
            [type] => https://mailchimp.com/developer/marketing/docs/errors/
            [title] => Invalid Resource
            [status] => 400
            [detail] => Your merge fields were invalid.
            [instance] => 0f92a1d5-4ad2-7839-c12d-60105fd8b13d
            [errors] => Array
                (
                    [0] => stdClass Object
                        (
                            [field] => ADDRESS
                            [message] => Please enter a complete address
                        )

                )

        )

)

